proguard/mapping.txt
com.cn.xtouch.fodelforuser.BaseApplication -> com.cn.xtouch.fodelforuser.BaseApplication:
    android.content.Context context -> a
    android.content.Context getContext() -> a
    void onCreate() -> onCreate
    void init() -> b
    void initImageLoader(android.content.Context) -> a
com.cn.xtouch.fodelforuser.BuildConfig -> com.cn.xtouch.fodelforuser.BuildConfig:
    boolean DEBUG -> DEBUG
com.cn.xtouch.fodelforuser.MainActivity -> com.cn.xtouch.fodelforuser.MainActivity:
    void onCreate(android.os.Bundle) -> onCreate
com.cn.xtouch.fodelforuser.R -> com.cn.xtouch.fodelforuser.R:
com.cn.xtouch.fodelforuser.R$anim -> com.cn.xtouch.fodelforuser.R$anim:
    int abc_fade_in -> abc_fade_in
    int abc_fade_out -> abc_fade_out
    int abc_grow_fade_in_from_bottom -> abc_grow_fade_in_from_bottom
    int abc_popup_enter -> abc_popup_enter
    int abc_popup_exit -> abc_popup_exit
    int abc_shrink_fade_out_from_bottom -> abc_shrink_fade_out_from_bottom
    int abc_slide_in_bottom -> abc_slide_in_bottom
    int abc_slide_in_top -> abc_slide_in_top
    int abc_slide_out_bottom -> abc_slide_out_bottom
    int abc_slide_out_top -> abc_slide_out_top
    int loading_animation -> loading_animation
    int menu_hide_animation -> menu_hide_animation
    int menu_show_animation -> menu_show_animation
    int slide_left_in -> slide_left_in
    int slide_left_out -> slide_left_out
    int slide_right_in -> slide_right_in
    int slide_right_out -> slide_right_out
com.cn.xtouch.fodelforuser.R$attr -> com.cn.xtouch.fodelforuser.R$attr:
    int actionBarDivider -> actionBarDivider
    int actionBarItemBackground -> actionBarItemBackground
    int actionBarPopupTheme -> actionBarPopupTheme
    int actionBarSize -> actionBarSize
    int actionBarSplitStyle -> actionBarSplitStyle
    int actionBarStyle -> actionBarStyle
    int actionBarTabBarStyle -> actionBarTabBarStyle
    int actionBarTabStyle -> actionBarTabStyle
    int actionBarTabTextStyle -> actionBarTabTextStyle
    int actionBarTheme -> actionBarTheme
    int actionBarWidgetTheme -> actionBarWidgetTheme
    int actionButtonStyle -> actionButtonStyle
    int actionDropDownStyle -> actionDropDownStyle
    int actionLayout -> actionLayout
    int actionMenuTextAppearance -> actionMenuTextAppearance
    int actionMenuTextColor -> actionMenuTextColor
    int actionModeBackground -> actionModeBackground
    int actionModeCloseButtonStyle -> actionModeCloseButtonStyle
    int actionModeCloseDrawable -> actionModeCloseDrawable
    int actionModeCopyDrawable -> actionModeCopyDrawable
    int actionModeCutDrawable -> actionModeCutDrawable
    int actionModeFindDrawable -> actionModeFindDrawable
    int actionModePasteDrawable -> actionModePasteDrawable
    int actionModePopupWindowStyle -> actionModePopupWindowStyle
    int actionModeSelectAllDrawable -> actionModeSelectAllDrawable
    int actionModeShareDrawable -> actionModeShareDrawable
com.cn.xtouch.fodelforuser.R$bool -> com.cn.xtouch.fodelforuser.R$bool:
    int abc_action_bar_embed_tabs -> abc_action_bar_embed_tabs
    int abc_action_bar_embed_tabs_pre_jb -> abc_action_bar_embed_tabs_pre_jb
    int abc_action_bar_expanded_action_views_exclusive -> abc_action_bar_expanded_action_views_exclusive
    int abc_config_actionMenuItemAllCaps -> abc_config_actionMenuItemAllCaps
    int abc_config_allowActionMenuItemTextWithIcon -> abc_config_allowActionMenuItemTextWithIcon
    int abc_config_closeDialogWhenTouchOutside -> abc_config_closeDialogWhenTouchOutside
    int abc_config_showMenuShortcutsWhenKeyboardPresent -> abc_config_showMenuShortcutsWhenKeyboardPresent
...
android.support.v7.widget.RecyclerView$Recycler -> android.support.v7.widget.cf:
    java.util.ArrayList mAttachedScrap -> a
    java.util.ArrayList mChangedScrap -> d
    java.util.ArrayList mCachedViews -> b
    java.util.List mUnmodifiableAttachedScrap -> e
    int mViewCacheMax -> f
    android.support.v7.widget.RecyclerView$RecycledViewPool mRecyclerPool -> g
    android.support.v7.widget.RecyclerView$ViewCacheExtension mViewCacheExtension -> h
    android.support.v7.widget.RecyclerView this$0 -> c
    void clear() -> a
    void setViewCacheSize(int) -> a
    java.util.List getScrapList() -> b
    boolean validateViewHolderForOffsetPosition(android.support.v7.widget.RecyclerView$ViewHolder) -> a
    int convertPreLayoutPositionToPostLayout(int) -> b
    android.view.View getViewForPosition(int) -> c
    android.view.View getViewForPosition(int,boolean) -> a
    void attachAccessibilityDelegate(android.view.View) -> d
    void invalidateDisplayListInt(android.support.v7.widget.RecyclerView$ViewHolder) -> e
    void invalidateDisplayListInt(android.view.ViewGroup,boolean) -> a
    void recycleView(android.view.View) -> a
    void recycleAndClearCachedViews() -> c
    boolean tryToRecycleCachedViewAt(int) -> d
    void recycleViewHolderInternal(android.support.v7.widget.RecyclerView$ViewHolder) -> b
    void quickRecycleScrapView(android.view.View) -> b
    void scrapView(android.view.View) -> c
    void unscrapView(android.support.v7.widget.RecyclerView$ViewHolder) -> c
android.support.v7.widget.RecyclerView$RecyclerListener -> android.support.v7.widget.cg:
    void onViewRecycled(android.support.v7.widget.RecyclerView$ViewHolder) -> a
android.support.v7.widget.RecyclerView$RecyclerViewDataObserver -> android.support.v7.widget.ch:
    android.support.v7.widget.RecyclerView this$0 -> a
android.support.v7.widget.RecyclerView$SavedState -> android.support.v7.widget.RecyclerView$SavedState:
    android.os.Parcelable mLayoutState -> a
    android.os.Parcelable$Creator CREATOR -> CREATOR
    void writeToParcel(android.os.Parcel,int) -> writeToParcel
    void copyFrom(android.support.v7.widget.RecyclerView$SavedState) -> a
    void access$1300(android.support.v7.widget.RecyclerView$SavedState,android.support.v7.widget.RecyclerView$SavedState) -> a
android.support.v7.widget.RecyclerView$SavedState$1 -> android.support.v7.widget.ci:
    android.support.v7.widget.RecyclerView$SavedState createFromParcel(android.os.Parcel) -> a
    android.support.v7.widget.RecyclerView$SavedState[] newArray(int) -> a
    java.lang.Object[] newArray(int) -> newArray
    java.lang.Object createFromParcel(android.os.Parcel) -> createFromParcel