proguard/usage.txt
com.cn.xtouch.fodelforuser.R:
    10:10:public R()
com.cn.xtouch.fodelforuser.activity.HomeActivity:
    private android.widget.TextView tack_parcel_btn
    private android.widget.TextView contact_carrier_btn
    private android.widget.TextView delivery_address_btn
    private android.widget.TextView delivery_time_btn
com.cn.xtouch.fodelforuser.fragment.CommentFragment
com.cn.xtouch.fodelforuser.fragment.CommentedFragment
com.cn.xtouch.fodelforuser.fragment.LogisticInfoMapFragment:
    private com.cn.xtouch.fodelforuser.widget.SlideBottomPanel sbp
com.cn.xtouch.fodelforuser.manager.CrashHandler
com.cn.xtouch.fodelforuser.manager.MyAcitivityManager:
    12:12:public MyAcitivityManager()
    58:64:public static void finishAll(com.cn.xtouch.fodelforuser.activity.BaseActivity)
    70:70:public static boolean hasActivity()
    77:77:public static com.cn.xtouch.fodelforuser.activity.BaseActivity getForegroundActivity()
    85:91:public static com.cn.xtouch.fodelforuser.activity.BaseActivity getCurrentActivity()
com.cn.xtouch.fodelforuser.manager.ThreadManager
com.cn.xtouch.fodelforuser.manager.ThreadManager$ThreadPoolProxy
com.cn.xtouch.fodelforuser.utils.AndroidVersionCheckUtils:
    26:27:private AndroidVersionCheckUtils()
    35:35:public static boolean hasDonut()
    44:44:public static boolean hasEclair()
    71:71:public static boolean hasHoneycomb()
    80:80:public static boolean hasHoneycombMR1()
    89:89:public static boolean hasIcecreamsandwich()
    93:93:public static boolean hasJellyBean()
    97:97:public static boolean hasKitKat()
com.cn.xtouch.fodelforuser.utils.Base64:
    5:5:public Base64()
    8:8:public static byte[] decode(byte[])
    13:97:public static byte[] decode(byte[],int)
com.cn.xtouch.fodelforuser.utils.Base64Encoder
com.cn.xtouch.fodelforuser.utils.DisplayUtil:
    12:12:public DisplayUtil()
    23:23:public static int px2dip(float,float)
    27:29:public static int px2dip(android.content.Context,float)
    41:41:public static int dip2px(float,float)
    58:58:public static int px2sp(float,float)
    62:63:public static int px2sp(android.content.Context,float)
    75:75:public static int sp2px(float,float)
    79:80:public static int sp2px(android.content.Context,float)
    94:98:public static int getScreenWidth(android.content.Context)
    111:115:public static int getScreenHeight(android.content.Context)
    119:123:public static int getScreenWidth()
    127:131:public static int getScreenHeight()
    135:137:public static int sp2px(float)
    146:148:public static int px2sp(float)
    152:154:public static int dip2px(float)
    158:160:public static int px2dip(float)
com.cn.xtouch.fodelforuser.utils.EncryptUtils:
    private static final java.lang.String ENCRYPT_KEY
    10:10:public EncryptUtils()
    32:32:public static java.lang.String encodeSHAString(java.lang.String)
    57:57:public static java.lang.String decodeBase64String(java.lang.String)
    114:130:public static java.lang.String decode(java.lang.String)
    137:150:public static void main(java.lang.String[])
com.cn.xtouch.fodelforuser.utils.InstalltionIdFactory:
    private static final java.lang.String INSTALLATION
    14:14:public InstalltionIdFactory()
com.cn.xtouch.fodelforuser.utils.JsonHelper:
    40:48:public java.lang.Object jsonToBean(java.lang.String,java.lang.Class)
    52:53:public java.lang.String toJsonString(java.lang.Object)
com.cn.xtouch.fodelforuser.utils.UIUtils:
    33:33:public UIUtils()
    57:57:public static java.lang.String[] getStringArray(int)
    73:98:public static android.graphics.Bitmap loadImageFromUrl(java.lang.String)
...
android.support.v4.app.NotificationCompat$Action$WearableExtender
android.support.v4.app.NotificationCompat$BigPictureStyle:
    1637:1639:public NotificationCompat$BigPictureStyle(android.support.v4.app.NotificationCompat$Builder)
    1646:1647:public android.support.v4.app.NotificationCompat$BigPictureStyle setBigContentTitle(java.lang.CharSequence)
    1654:1656:public android.support.v4.app.NotificationCompat$BigPictureStyle setSummaryText(java.lang.CharSequence)
    1663:1664:public android.support.v4.app.NotificationCompat$BigPictureStyle bigPicture(android.graphics.Bitmap)
    1671:1673:public android.support.v4.app.NotificationCompat$BigPictureStyle bigLargeIcon(android.graphics.Bitmap)
android.support.v4.app.NotificationCompat$BigTextStyle:
    1704:1706:public NotificationCompat$BigTextStyle(android.support.v4.app.NotificationCompat$Builder)
    1713:1714:public android.support.v4.app.NotificationCompat$BigTextStyle setBigContentTitle(java.lang.CharSequence)
    1721:1723:public android.support.v4.app.NotificationCompat$BigTextStyle setSummaryText(java.lang.CharSequence)
    1731:1732:public android.support.v4.app.NotificationCompat$BigTextStyle bigText(java.lang.CharSequence)
android.support.v4.app.NotificationCompat$Builder:
    private static final int MAX_CHARSEQUENCE_LENGTH
android.support.v4.app.NotificationCompat$CarExtender
android.support.v4.app.NotificationCompat$CarExtender$UnreadConversation
android.support.v4.app.NotificationCompat$CarExtender$UnreadConversation$1
android.support.v4.app.NotificationCompat$CarExtender$UnreadConversation$Builder
android.support.v4.app.NotificationCompat$InboxStyle:
    1766:1768:public NotificationCompat$InboxStyle(android.support.v4.app.NotificationCompat$Builder)
    1775:1776:public android.support.v4.app.NotificationCompat$InboxStyle setBigContentTitle(java.lang.CharSequence)
    1783:1785:public android.support.v4.app.NotificationCompat$InboxStyle setSummaryText(java.lang.CharSequence)
    1792:1793:public android.support.v4.app.NotificationCompat$InboxStyle addLine(java.lang.CharSequence)
android.support.v4.app.NotificationCompat$NotificationCompatImpl:
    public abstract android.os.Bundle getBundleForUnreadConversation(android.support.v4.app.NotificationCompatBase$UnreadConversation)
    public abstract android.support.v4.app.NotificationCompatBase$UnreadConversation getUnreadConversationFromBundle(android.os.Bundle,android.support.v4.app.NotificationCompatBase$UnreadConversation$Factory,android.support.v4.app.RemoteInputCompatBase$RemoteInput$Factory)
android.support.v4.app.NotificationCompat$NotificationCompatImplApi21:
    778:778:public android.os.Bundle getBundleForUnreadConversation(android.support.v4.app.NotificationCompatBase$UnreadConversation)
    785:785:public android.support.v4.app.NotificationCompatBase$UnreadConversation getUnreadConversationFromBundle(android.os.Bundle,android.support.v4.app.NotificationCompatBase$UnreadConversation$Factory,android.support.v4.app.RemoteInputCompatBase$RemoteInput$Factory)
android.support.v4.app.NotificationCompat$NotificationCompatImplBase:
    539:539:public android.os.Bundle getBundleForUnreadConversation(android.support.v4.app.NotificationCompatBase$UnreadConversation)
    546:546:public android.support.v4.app.NotificationCompatBase$UnreadConversation getUnreadConversationFromBundle(android.os.Bundle,android.support.v4.app.NotificationCompatBase$UnreadConversation$Factory,android.support.v4.app.RemoteInputCompatBase$RemoteInput$Factory)
android.support.v4.app.NotificationCompat$Style:
    1601:1605:public android.app.Notification build()